<?xml version="1.0" encoding="UTF-8"?>
<!-- Generated by org.testng.reporters.JUnitReportReporter -->
<testsuite skipped="0" hostname="DESKTOP-UA08CSQ" name="org.frametestng.ClassC" tests="1" failures="0" timestamp="06 Jan 2022 14:51:45 GMT" time="9.872" errors="0">
  <testcase name="Firefoxbrowser" time="9.872" classname="org.frametestng.ClassC"/>
</testsuite> <!-- org.frametestng.ClassC -->
