<?xml version="1.0" encoding="UTF-8"?>
<!-- Generated by org.testng.reporters.JUnitReportReporter -->
<testsuite skipped="0" hostname="DESKTOP-UA08CSQ" name="org.frametestng.ClassB" tests="1" failures="0" timestamp="06 Jan 2022 14:51:45 GMT" time="5.479" errors="0">
  <testcase name="edgebrowserlaunch" time="5.479" classname="org.frametestng.ClassB"/>
</testsuite> <!-- org.frametestng.ClassB -->
