<?xml version="1.0" encoding="UTF-8"?>
<!-- Generated by org.testng.reporters.JUnitReportReporter -->
<testsuite skipped="0" hostname="DESKTOP-UA08CSQ" name="org.frametestng.ClassA" tests="1" failures="0" timestamp="06 Jan 2022 14:51:45 GMT" time="5.439" errors="0">
  <testcase name="chromelaunch" time="5.439" classname="org.frametestng.ClassA"/>
</testsuite> <!-- org.frametestng.ClassA -->
